## SLURM PROLOG ###############################################################
##    Job ID : 1989827
##  Job Name : run_vaih
##  Nodelist : gpu2110
##      CPUs : 1
##  Mem/Node : 16384 MB
## Directory : /oscar/scratch/mxiangxi/CSCI1430-Final-Project-MedImage-Segmentation/segdiff
##   Job Started : Sat May 11 04:57:21 PM EDT 2024
###############################################################################
2024-05-11-16-57-32-342577  Logging to /oscar/scratch/mxiangxi/CSCI1430-Final-Project-MedImage-Segmentation/logs/2024-05-11-16-57-32-318157_vaih_256_6_0.0001_4_100_0.1_0
2024-05-11-16-57-32-342768  {'data_dir': '', 'schedule_sampler': 'uniform', 'lr': 0.0001, 'weight_decay': 0.0, 'lr_anneal_steps': 0, 'clip_denoised': False, 'batch_size': 4, 'microbatch': -1, 'ema_rate': '0.9999', 'save_interval': 5000, 'start_print_iter': 75000, 'log_interval': 200, 'run_without_test': False, 'resume_checkpoint': '', 'use_fp16': True, 'fp16_scale_growth': 0.001, 'image_size': 256, 'num_channels': 128, 'num_res_blocks': 3, 'num_heads': 4, 'num_heads_upsample': -1, 'attention_resolutions': '16,8', 'dropout': 0.1, 'rrdb_blocks': 6, 'deeper_net': True, 'learn_sigma': False, 'sigma_small': False, 'class_cond': False, 'class_name': 'train', 'expansion': False, 'diffusion_steps': 100, 'noise_schedule': 'linear', 'timestep_respacing': '', 'use_kl': False, 'predict_xstart': False, 'rescale_timesteps': False, 'rescale_learned_sigmas': False, 'use_checkpoint': False, 'use_scale_shift_norm': False, 'seed': None}
2024-05-11-16-57-32-348524  log folder path: /oscar/scratch/mxiangxi/CSCI1430-Final-Project-MedImage-Segmentation/logs/2024-05-11-16-57-32-318157_vaih_256_6_0.0001_4_100_0.1_0
2024-05-11-16-57-32-392945  git commit hash f32096a5e2e1bda9570225ccbea282d0d1233079
2024-05-11-16-57-32-393035  creating model and diffusion...
2024-05-11-16-57-33-639751  creating data loader...
2024-05-11-16-57-33-659655  gpu 0 / 1 val length 4014
2024-05-11-16-57-33-659762  training...
2024-05-11-16-57-33-661905  model folder path
shape1: torch.Size([4, 240, 240]) torch.Size([240, 240])
shape2: torch.Size([4, 256, 256]) torch.Size([256, 256])
shape1: torch.Size([4, 240, 240]) torch.Size([240, 240])
shape2: torch.Size([4, 256, 256]) torch.Size([256, 256])
shape1: torch.Size([4, 240, 240]) torch.Size([240, 240])
shape2: torch.Size([4, 256, 256]) torch.Size([256, 256])
shape1: torch.Size([4, 240, 240]) torch.Size([240, 240])
shape2: torch.Size([4, 256, 256]) torch.Size([256, 256])
2024-05-11-16-57-38-352846  torch.Size([4, 256, 256])
