## SLURM PROLOG ###############################################################
##    Job ID : 1988154
##  Job Name : run_vaih
##  Nodelist : gpu2601
##      CPUs : 2
##  Mem/Node : 16384 MB
## Directory : /oscar/home/xwang259/CSCI1430-Final-Project-MedImage-Segmentation/segdiff
##   Job Started : Fri May 10 09:02:47 PM EDT 2024
###############################################################################
[1715389369.628556] [gpu2601:470807:0]        mm_posix.c:233  UCX  ERROR   open(file_name=/proc/470792/fd/47 flags=0x0) failed: Permission denied
[1715389369.628757] [gpu2601:470807:0]        mm_posix.c:233  UCX  ERROR   open(file_name=/proc/470792/fd/47 flags=0x0) failed: Permission denied
[1715389369.638902] [gpu2601:470792:0]        mm_posix.c:233  UCX  ERROR   open(file_name=/proc/470807/fd/47 flags=0x0) failed: Permission denied
[1715389369.639099] [gpu2601:470792:0]        mm_posix.c:233  UCX  ERROR   open(file_name=/proc/470807/fd/47 flags=0x0) failed: Permission denied
[1715389369.760055] [gpu2601:470807:0]        mm_posix.c:233  UCX  ERROR   open(file_name=/proc/470792/fd/75 flags=0x0) failed: Permission denied
[1715389369.760083] [gpu2601:470792:0]        mm_posix.c:233  UCX  ERROR   open(file_name=/proc/470807/fd/75 flags=0x0) failed: Permission denied
[1715389369.760146] [gpu2601:470792:0]        mm_posix.c:233  UCX  ERROR   open(file_name=/proc/470807/fd/75 flags=0x0) failed: Permission denied
[1715389369.760288] [gpu2601:470807:0]        mm_posix.c:233  UCX  ERROR   open(file_name=/proc/470792/fd/75 flags=0x0) failed: Permission denied
2024-05-10-21-02-56-511610  Logging to /oscar/home/xwang259/CSCI1430-Final-Project-MedImage-Segmentation/logs/2024-05-10-21-02-56-456020_vaih_256_6_0.0001_4_100_0.1_0
2024-05-10-21-02-56-511696  {'data_dir': '', 'schedule_sampler': 'uniform', 'lr': 0.0001, 'weight_decay': 0.0, 'lr_anneal_steps': 0, 'clip_denoised': False, 'batch_size': 4, 'microbatch': -1, 'ema_rate': '0.9999', 'save_interval': 5000, 'start_print_iter': 75000, 'log_interval': 200, 'run_without_test': False, 'resume_checkpoint': '', 'use_fp16': True, 'fp16_scale_growth': 0.001, 'image_size': 256, 'num_channels': 128, 'num_res_blocks': 3, 'num_heads': 4, 'num_heads_upsample': -1, 'attention_resolutions': '16,8', 'dropout': 0.1, 'rrdb_blocks': 6, 'deeper_net': True, 'learn_sigma': False, 'sigma_small': False, 'class_cond': False, 'class_name': 'train', 'expansion': False, 'diffusion_steps': 100, 'noise_schedule': 'linear', 'timestep_respacing': '', 'use_kl': False, 'predict_xstart': False, 'rescale_timesteps': False, 'rescale_learned_sigmas': False, 'use_checkpoint': False, 'use_scale_shift_norm': False, 'seed': None}
2024-05-10-21-02-56-512340  Logging to /oscar/home/xwang259/CSCI1430-Final-Project-MedImage-Segmentation/logs/2024-05-10-21-02-56-456761_vaih_256_6_0.0001_4_100_0.1_1
2024-05-10-21-02-56-512446  {'data_dir': '', 'schedule_sampler': 'uniform', 'lr': 0.0001, 'weight_decay': 0.0, 'lr_anneal_steps': 0, 'clip_denoised': False, 'batch_size': 4, 'microbatch': -1, 'ema_rate': '0.9999', 'save_interval': 5000, 'start_print_iter': 75000, 'log_interval': 200, 'run_without_test': False, 'resume_checkpoint': '', 'use_fp16': True, 'fp16_scale_growth': 0.001, 'image_size': 256, 'num_channels': 128, 'num_res_blocks': 3, 'num_heads': 4, 'num_heads_upsample': -1, 'attention_resolutions': '16,8', 'dropout': 0.1, 'rrdb_blocks': 6, 'deeper_net': True, 'learn_sigma': False, 'sigma_small': False, 'class_cond': False, 'class_name': 'train', 'expansion': False, 'diffusion_steps': 100, 'noise_schedule': 'linear', 'timestep_respacing': '', 'use_kl': False, 'predict_xstart': False, 'rescale_timesteps': False, 'rescale_learned_sigmas': False, 'use_checkpoint': False, 'use_scale_shift_norm': False, 'seed': None}
2024-05-10-21-02-56-516964  log folder path: /oscar/home/xwang259/CSCI1430-Final-Project-MedImage-Segmentation/logs/2024-05-10-21-02-56-456761_vaih_256_6_0.0001_4_100_0.1_1
2024-05-10-21-02-56-529565  log folder path: /oscar/home/xwang259/CSCI1430-Final-Project-MedImage-Segmentation/logs/2024-05-10-21-02-56-456020_vaih_256_6_0.0001_4_100_0.1_0
2024-05-10-21-02-56-553980  git commit hash 5b5e1261b10338c69ccb46ddebf49f6441adeb11
2024-05-10-21-02-56-553993  git commit hash 5b5e1261b10338c69ccb46ddebf49f6441adeb11
2024-05-10-21-02-56-554043  creating model and diffusion...
2024-05-10-21-02-56-554131  creating model and diffusion...
2024-05-10-21-02-57-852851  creating data loader...
2024-05-10-21-02-57-888740  creating data loader...
2024-05-10-21-02-57-899154  <generator object load_data at 0x7f3f24fa9a80>
2024-05-10-21-02-57-899221  val data shape: <datasets.vaih.VaihDataset object at 0x7f3f041e9d50>
2024-05-10-21-02-57-899243  gpu 1 / 2 val length 34
2024-05-10-21-02-57-899256  training...
2024-05-10-21-02-57-901485  model folder path
2024-05-10-21-02-57-923840  <generator object load_data at 0x7f60c6e39c40>
2024-05-10-21-02-57-924110  val data shape: <datasets.vaih.VaihDataset object at 0x7f60840ddd80>
2024-05-10-21-02-57-924182  gpu 0 / 2 val length 34
2024-05-10-21-02-57-924259  training...
2024-05-10-21-02-57-926638  model folder path
2024-05-10-21-03-04-335175  Found NaN, decreased lg_loss_scale to 19.001
2024-05-10-21-03-04-336620  Found NaN, decreased lg_loss_scale to 19.001
2024-05-10-21-03-05-027743  Found NaN, decreased lg_loss_scale to 18.001
2024-05-10-21-03-05-029450  Found NaN, decreased lg_loss_scale to 18.001
2024-05-10-21-03-05-717239  Found NaN, decreased lg_loss_scale to 17.001
2024-05-10-21-03-05-718745  Found NaN, decreased lg_loss_scale to 17.001
2024-05-10-21-03-06-397108  Found NaN, decreased lg_loss_scale to 16.001
2024-05-10-21-03-06-398653  Found NaN, decreased lg_loss_scale to 16.001
2024-05-10-21-03-07-085069  Found NaN, decreased lg_loss_scale to 15.001000000000001
2024-05-10-21-03-07-086586  Found NaN, decreased lg_loss_scale to 15.001000000000001
2024-05-10-21-03-07-773126  Found NaN, decreased lg_loss_scale to 14.001000000000001
2024-05-10-21-03-07-774627  Found NaN, decreased lg_loss_scale to 14.001000000000001
2024-05-10-21-03-08-455848  Found NaN, decreased lg_loss_scale to 13.001000000000001
2024-05-10-21-03-08-457350  Found NaN, decreased lg_loss_scale to 13.001000000000001
2024-05-10-21-03-09-135223  Found NaN, decreased lg_loss_scale to 12.001000000000001
2024-05-10-21-03-09-136737  Found NaN, decreased lg_loss_scale to 12.001000000000001
2024-05-10-21-03-09-815556  Found NaN, decreased lg_loss_scale to 11.001000000000001
2024-05-10-21-03-09-817222  Found NaN, decreased lg_loss_scale to 11.001000000000001
