15:4: not a valid test operator:  
15:4: not a valid test operator: 12.4
21:4: not a valid test operator: (
21:4: not a valid test operator: 535.129.03
0it [00:00, ?it/s][rank0]: Traceback (most recent call last):
[rank0]:   File "/oscar/scratch/mxiangxi/CSCI1430-Final-Project-MedImage-Segmentation/segdiff/train_brats.py", line 182, in <module>
[rank0]:     main()
[rank0]:   File "/oscar/scratch/mxiangxi/CSCI1430-Final-Project-MedImage-Segmentation/segdiff/train_brats.py", line 104, in main
[rank0]:     TrainLoop(
[rank0]:   File "/oscar/scratch/mxiangxi/CSCI1430-Final-Project-MedImage-Segmentation/segdiff/improved_diffusion/train_util.py", line 206, in run_loop
[rank0]:     self.run_step(batch, cond)
[rank0]:   File "/oscar/scratch/mxiangxi/CSCI1430-Final-Project-MedImage-Segmentation/segdiff/improved_diffusion/train_util.py", line 259, in run_step
[rank0]:     self.forward_backward(batch, cond)
[rank0]:   File "/oscar/scratch/mxiangxi/CSCI1430-Final-Project-MedImage-Segmentation/segdiff/improved_diffusion/train_util.py", line 285, in forward_backward
[rank0]:     losses = compute_losses()
[rank0]:   File "/oscar/scratch/mxiangxi/CSCI1430-Final-Project-MedImage-Segmentation/segdiff/improved_diffusion/respace.py", line 97, in training_losses
[rank0]:     return super().training_losses(self._wrap_model(model), *args, **kwargs)
[rank0]:   File "/oscar/scratch/mxiangxi/CSCI1430-Final-Project-MedImage-Segmentation/segdiff/improved_diffusion/gaussian_diffusion.py", line 741, in training_losses
[rank0]:     assert model_output.shape == target.shape == x_start.shape
[rank0]: AssertionError
0it [00:02, ?it/s]
srun: error: gpu2110: task 0: Exited with exit code 1
