## SLURM PROLOG ###############################################################
##    Job ID : 1970109
##  Job Name : run_vaih
##  Nodelist : gpu2008
##      CPUs : 4
##  Mem/Node : 16384 MB
## Directory : /oscar/home/xwang259/CSCI1430-Final-Project-MedImage-Segmentation/segdiff
##   Job Started : Thu May  9 03:39:12 PM EDT 2024
###############################################################################
2024-05-09-15-39-19-501465  Logging to /oscar/home/xwang259/CSCI1430-Final-Project-MedImage-Segmentation/logs/2024-05-09-15-39-19-405272_vaih_256_6_0.0001_4_100_0.1_0
2024-05-09-15-39-19-501561  {'data_dir': '', 'schedule_sampler': 'uniform', 'lr': 0.0001, 'weight_decay': 0.0, 'lr_anneal_steps': 0, 'clip_denoised': False, 'batch_size': 4, 'microbatch': -1, 'ema_rate': '0.9999', 'save_interval': 5000, 'start_print_iter': 75000, 'log_interval': 200, 'run_without_test': False, 'resume_checkpoint': '', 'use_fp16': True, 'fp16_scale_growth': 0.001, 'image_size': 256, 'num_channels': 128, 'num_res_blocks': 3, 'num_heads': 4, 'num_heads_upsample': -1, 'attention_resolutions': '16,8', 'dropout': 0.1, 'rrdb_blocks': 6, 'deeper_net': True, 'learn_sigma': False, 'sigma_small': False, 'class_cond': False, 'class_name': 'train', 'expansion': False, 'diffusion_steps': 100, 'noise_schedule': 'linear', 'timestep_respacing': '', 'use_kl': False, 'predict_xstart': False, 'rescale_timesteps': False, 'rescale_learned_sigmas': False, 'use_checkpoint': False, 'use_scale_shift_norm': False, 'seed': None}
2024-05-09-15-39-19-510942  log folder path: /oscar/home/xwang259/CSCI1430-Final-Project-MedImage-Segmentation/logs/2024-05-09-15-39-19-405272_vaih_256_6_0.0001_4_100_0.1_0
2024-05-09-15-39-19-548096  git commit hash 0d7ee529f98321ede3b5fdd7558895c8958946c0
2024-05-09-15-39-19-548170  creating model and diffusion...
2024-05-09-15-39-20-604404  creating data loader...
2024-05-09-15-39-20-660617  gpu 0 / 1 val length 68
2024-05-09-15-39-20-660676  training...
2024-05-09-15-39-20-662984  model folder path
0it [00:00, ?it/s]1
2
3
batch size: 4
microbatch: 4

  0%|          | 0/1 [00:00<?, ?it/s][A2024-05-09-15-39-21-017611  a
2024-05-09-15-39-21-017710  b
2024-05-09-15-39-21-017742  c
2024-05-09-15-39-21-017756  d
2024-05-09-15-39-21-018091  e
2024-05-09-15-39-21-018142  f
